TN:
SF:src\server.js
FN:36,(anonymous_0)
FN:83,(anonymous_1)
FN:123,(anonymous_2)
FN:132,(anonymous_3)
FN:150,(anonymous_4)
FN:161,(anonymous_5)
FN:166,(anonymous_6)
FN:168,(anonymous_7)
FNF:8
FNH:5
FNDA:116,(anonymous_0)
FNDA:69,(anonymous_1)
FNDA:1,(anonymous_2)
FNDA:1,(anonymous_3)
FNDA:5,(anonymous_4)
FNDA:0,(anonymous_5)
FNDA:0,(anonymous_6)
FNDA:0,(anonymous_7)
DA:25,6
DA:26,6
DA:28,0
DA:32,6
DA:35,6
DA:37,116
DA:38,116
DA:39,116
DA:41,0
DA:52,6
DA:53,6
DA:71,6
DA:72,6
DA:75,6
DA:78,6
DA:79,6
DA:80,6
DA:83,6
DA:84,69
DA:85,69
DA:86,69
DA:87,69
DA:88,0
DA:90,69
DA:94,6
DA:95,6
DA:96,6
DA:97,6
DA:98,6
DA:99,6
DA:100,6
DA:101,6
DA:102,6
DA:103,6
DA:104,6
DA:105,6
DA:106,6
DA:109,6
DA:110,0
DA:119,0
DA:123,6
DA:124,1
DA:132,6
DA:133,1
DA:142,1
DA:150,6
DA:151,5
DA:159,6
DA:160,0
DA:161,0
DA:162,0
DA:166,0
DA:167,0
DA:168,0
DA:169,0
DA:170,0
DA:174,0
DA:175,0
LF:58
LH:43
BRDA:25,0,0,6
BRDA:25,0,1,0
BRDA:37,1,0,116
BRDA:37,1,1,0
BRDA:38,2,0,116
BRDA:38,2,1,0
BRDA:38,3,0,116
BRDA:38,3,1,0
BRDA:87,4,0,0
BRDA:87,4,1,69
BRDA:109,5,0,0
BRDA:109,5,1,6
BRDA:135,6,0,0
BRDA:135,6,1,1
BRDA:142,7,0,1
BRDA:142,7,1,1
BRDA:144,8,0,0
BRDA:144,8,1,1
BRDA:145,9,0,0
BRDA:145,9,1,1
BRDA:159,10,0,0
BRDA:159,10,1,6
BRDA:160,11,0,0
BRDA:160,11,1,0
BRF:24
BRH:12
end_of_record
TN:
SF:src\config\database.js
FN:17,(anonymous_0)
FN:21,(anonymous_1)
FNF:2
FNH:1
FNDA:11,(anonymous_0)
FNDA:0,(anonymous_1)
DA:4,6
DA:6,6
DA:8,6
DA:17,6
DA:18,11
DA:21,6
DA:22,0
LF:7
LH:6
BRDA:13,0,0,6
BRDA:13,0,1,0
BRF:2
BRH:1
end_of_record
TN:
SF:src\config\redis.js
FN:5,(anonymous_0)
FN:10,(anonymous_1)
FN:15,(anonymous_2)
FN:20,(anonymous_3)
FN:22,(anonymous_4)
FN:30,(anonymous_5)
FN:34,(anonymous_6)
FN:40,(anonymous_7)
FN:46,(anonymous_8)
FN:51,(anonymous_9)
FN:56,(anonymous_10)
FN:58,(anonymous_11)
FN:74,(anonymous_12)
FN:84,(anonymous_13)
FN:94,(anonymous_14)
FNF:15
FNH:11
FNDA:7,(anonymous_0)
FNDA:0,(anonymous_1)
FNDA:10,(anonymous_2)
FNDA:23,(anonymous_3)
FNDA:1,(anonymous_4)
FNDA:249,(anonymous_5)
FNDA:130,(anonymous_6)
FNDA:0,(anonymous_7)
FNDA:0,(anonymous_8)
FNDA:66,(anonymous_9)
FNDA:56,(anonymous_10)
FNDA:31,(anonymous_11)
FNDA:18,(anonymous_12)
FNDA:20,(anonymous_13)
FNDA:0,(anonymous_14)
DA:6,7
DA:7,7
DA:11,0
DA:12,0
DA:16,10
DA:17,10
DA:21,23
DA:22,23
DA:23,1
DA:26,23
DA:27,23
DA:31,249
DA:35,130
DA:36,130
DA:37,130
DA:41,0
DA:42,0
DA:43,0
DA:47,0
DA:48,0
DA:52,66
DA:53,66
DA:57,56
DA:58,56
DA:59,31
DA:61,56
DA:63,0
DA:67,7
DA:70,7
DA:71,0
DA:74,7
DA:75,18
DA:76,18
DA:77,18
DA:79,0
DA:80,0
DA:84,7
DA:85,20
DA:86,20
DA:87,20
DA:89,0
DA:90,0
DA:94,7
DA:95,0
DA:96,0
DA:97,0
DA:99,0
DA:100,0
LF:48
LH:30
BRDA:20,0,0,0
BRDA:21,1,0,23
BRDA:21,1,1,0
BRDA:35,2,0,130
BRDA:35,2,1,45
BRDA:41,3,0,0
BRDA:41,3,1,0
BRDA:57,4,0,56
BRDA:57,4,1,0
BRDA:67,5,0,7
BRDA:67,5,1,0
BRDA:70,6,0,0
BRDA:70,6,1,7
BRDA:74,7,0,0
BRDA:87,8,0,2
BRDA:87,8,1,18
BRF:16
BRH:8
end_of_record
TN:
SF:src\config\redisClient.js
FN:9,(anonymous_0)
FN:10,(anonymous_1)
FN:12,(anonymous_2)
FNF:3
FNH:0
FNDA:0,(anonymous_0)
FNDA:0,(anonymous_1)
FNDA:0,(anonymous_2)
DA:4,7
DA:9,7
DA:10,7
DA:12,7
DA:13,0
LF:5
LH:4
BRF:0
BRH:0
end_of_record
TN:
SF:src\config\swagger.js
FNF:0
FNH:0
DA:3,6
DA:172,6
LF:2
LH:2
BRF:0
BRH:0
end_of_record
TN:
SF:src\middleware\auth.js
FN:7,(anonymous_0)
FN:19,(anonymous_1)
FN:31,(anonymous_2)
FN:46,(anonymous_3)
FNF:4
FNH:4
FNDA:9,(anonymous_0)
FNDA:40,(anonymous_1)
FNDA:40,(anonymous_2)
FNDA:9,(anonymous_3)
DA:5,6
DA:7,6
DA:8,9
DA:19,6
DA:20,40
DA:21,40
DA:22,40
DA:24,40
DA:25,0
DA:31,40
DA:32,40
DA:33,0
DA:38,40
DA:39,40
DA:42,0
DA:46,6
DA:47,9
DA:48,9
DA:50,0
LF:19
LH:15
BRDA:22,0,0,40
BRDA:22,0,1,40
BRDA:24,1,0,0
BRDA:24,1,1,40
BRDA:32,2,0,0
BRDA:32,2,1,40
BRDA:47,3,0,9
BRDA:47,3,1,0
BRDA:47,4,0,9
BRDA:47,4,1,9
BRF:10
BRH:7
end_of_record
TN:
SF:src\middleware\security.js
FN:6,(anonymous_0)
FN:12,(anonymous_1)
FN:16,(anonymous_2)
FN:20,(anonymous_3)
FN:24,(anonymous_4)
FN:29,(anonymous_5)
FN:38,(anonymous_6)
FN:51,(anonymous_7)
FN:60,(anonymous_8)
FN:67,createLimiter
FN:71,(anonymous_10)
FN:135,(anonymous_11)
FNF:12
FNH:11
FNDA:6,(anonymous_0)
FNDA:113,(anonymous_1)
FNDA:234,(anonymous_2)
FNDA:34,(anonymous_3)
FNDA:229,(anonymous_4)
FNDA:5,(anonymous_5)
FNDA:17,(anonymous_6)
FNDA:113,(anonymous_7)
FNDA:0,(anonymous_8)
FNDA:18,createLimiter
FNDA:113,(anonymous_10)
FNDA:116,(anonymous_11)
DA:7,6
DA:8,6
DA:9,6
DA:13,113
DA:17,234
DA:21,34
DA:25,229
DA:26,229
DA:30,5
DA:31,5
DA:39,17
DA:40,17
DA:42,17
DA:44,17
DA:45,5
DA:46,5
DA:48,12
DA:52,113
DA:53,113
DA:54,113
DA:55,39
DA:57,113
DA:61,0
DA:65,6
DA:68,18
DA:69,18
DA:71,18
DA:72,113
DA:73,113
DA:76,113
DA:77,113
DA:78,0
DA:84,113
DA:85,113
DA:87,113
DA:88,17
DA:90,17
DA:91,5
DA:97,12
DA:103,96
DA:105,0
DA:110,6
DA:131,6
DA:132,6
DA:133,6
DA:135,6
DA:136,116
DA:137,116
DA:139,116
DA:140,30
DA:146,86
DA:148,0
DA:152,6
LF:53
LH:49
BRDA:30,0,0,5
BRDA:30,0,1,0
BRDA:40,1,0,17
BRDA:40,1,1,0
BRDA:42,2,0,17
BRDA:42,2,1,0
BRDA:44,3,0,5
BRDA:44,3,1,12
BRDA:54,4,0,39
BRDA:54,4,1,74
BRDA:55,5,0,39
BRDA:55,5,1,0
BRDA:68,6,0,18
BRDA:68,6,1,0
BRDA:69,7,0,18
BRDA:69,7,1,0
BRDA:73,8,0,113
BRDA:73,8,1,23
BRDA:77,9,0,0
BRDA:77,9,1,113
BRDA:87,10,0,17
BRDA:87,10,1,96
BRDA:90,11,0,5
BRDA:90,11,1,12
BRDA:137,12,0,116
BRDA:137,12,1,22
BRDA:139,13,0,30
BRDA:139,13,1,86
BRF:28
BRH:21
end_of_record
TN:
SF:src\middleware\validators.js
FN:4,(anonymous_0)
FNF:1
FNH:1
FNDA:5,(anonymous_0)
DA:4,6
DA:5,5
DA:6,5
DA:7,3
DA:12,2
DA:15,6
DA:30,6
DA:50,6
LF:8
LH:8
BRDA:6,0,0,3
BRDA:6,0,1,2
BRF:2
BRH:2
end_of_record
TN:
SF:src\models\favoriteModel.js
FN:4,(anonymous_0)
FN:25,(anonymous_1)
FN:42,(anonymous_2)
FN:68,(anonymous_3)
FNF:4
FNH:3
FNDA:2,(anonymous_0)
FNDA:1,(anonymous_1)
FNDA:1,(anonymous_2)
FNDA:0,(anonymous_3)
DA:3,6
DA:5,2
DA:14,2
DA:15,2
DA:16,1
DA:18,1
DA:19,1
DA:21,0
DA:26,1
DA:35,1
DA:36,1
DA:37,0
DA:39,1
DA:43,1
DA:64,1
DA:65,1
DA:69,0
DA:79,0
DA:80,0
LF:19
LH:14
BRDA:4,0,0,0
BRDA:18,1,0,1
BRDA:18,1,1,0
BRDA:36,2,0,0
BRDA:36,2,1,1
BRF:5
BRH:2
end_of_record
TN:
SF:src\models\userModel.js
FN:18,(anonymous_0)
FN:41,(anonymous_1)
FN:55,(anonymous_2)
FN:60,(anonymous_3)
FNF:4
FNH:0
FNDA:0,(anonymous_0)
FNDA:0,(anonymous_1)
FNDA:0,(anonymous_2)
FNDA:0,(anonymous_3)
DA:5,6
DA:8,6
DA:10,6
DA:14,6
DA:16,6
DA:19,0
DA:22,0
DA:24,0
DA:29,0
DA:30,0
DA:31,0
DA:33,0
DA:34,0
DA:36,0
DA:42,0
DA:46,0
DA:47,0
DA:48,0
DA:50,0
DA:56,0
DA:61,0
DA:65,0
DA:66,0
DA:67,0
DA:69,0
LF:25
LH:5
BRDA:33,0,0,0
BRDA:33,0,1,0
BRF:2
BRH:0
end_of_record
TN:
SF:src\routes\adminRoutes.js
FN:14,(anonymous_0)
FN:51,(anonymous_1)
FN:79,(anonymous_2)
FN:120,(anonymous_3)
FN:153,(anonymous_4)
FN:195,(anonymous_5)
FN:234,(anonymous_6)
FNF:7
FNH:1
FNDA:5,(anonymous_0)
FNDA:0,(anonymous_1)
FNDA:0,(anonymous_2)
FNDA:0,(anonymous_3)
FNDA:0,(anonymous_4)
FNDA:0,(anonymous_5)
FNDA:0,(anonymous_6)
DA:5,6
DA:8,6
DA:14,6
DA:15,5
DA:16,5
DA:34,5
DA:39,0
DA:40,0
DA:51,6
DA:52,0
DA:54,0
DA:55,0
DA:62,0
DA:67,0
DA:68,0
DA:79,6
DA:80,0
DA:81,0
DA:83,0
DA:84,0
DA:96,0
DA:97,0
DA:103,0
DA:108,0
DA:109,0
DA:120,6
DA:121,0
DA:123,0
DA:124,0
DA:129,0
DA:130,0
DA:136,0
DA:141,0
DA:142,0
DA:153,6
DA:154,0
DA:155,0
DA:157,0
DA:159,0
DA:164,0
DA:165,0
DA:171,0
DA:178,0
DA:183,0
DA:184,0
DA:195,6
DA:196,0
DA:197,0
DA:199,0
DA:200,0
DA:210,0
DA:211,0
DA:217,0
DA:222,0
DA:223,0
DA:234,6
DA:235,0
DA:237,0
DA:238,0
DA:243,0
DA:244,0
DA:250,0
DA:255,0
DA:256,0
LF:64
LH:12
BRDA:96,0,0,0
BRDA:96,0,1,0
BRDA:129,1,0,0
BRDA:129,1,1,0
BRDA:164,2,0,0
BRDA:164,2,1,0
BRDA:210,3,0,0
BRDA:210,3,1,0
BRDA:243,4,0,0
BRDA:243,4,1,0
BRF:10
BRH:0
end_of_record
TN:
SF:src\routes\authRoutes.js
FN:95,(anonymous_0)
FN:183,(anonymous_1)
FN:235,(anonymous_2)
FN:270,(anonymous_3)
FN:285,(anonymous_4)
FNF:5
FNH:1
FNDA:21,(anonymous_0)
FNDA:0,(anonymous_1)
FNDA:0,(anonymous_2)
FNDA:0,(anonymous_3)
FNDA:0,(anonymous_4)
DA:4,6
DA:9,6
DA:10,6
DA:12,6
DA:95,6
DA:96,21
DA:97,21
DA:99,21
DA:100,0
DA:106,21
DA:107,21
DA:109,21
DA:110,21
DA:116,0
DA:117,0
DA:119,0
DA:120,0
DA:126,0
DA:128,0
DA:141,0
DA:183,6
DA:184,0
DA:235,6
DA:236,0
DA:270,6
DA:271,0
DA:276,0
DA:281,0
DA:285,6
DA:286,0
DA:287,0
DA:290,0
DA:295,0
DA:296,0
DA:302,0
DA:304,0
DA:309,0
DA:314,0
LF:38
LH:16
BRDA:99,0,0,0
BRDA:99,0,1,21
BRDA:99,1,0,21
BRDA:99,1,1,21
BRDA:109,2,0,21
BRDA:109,2,1,0
BRDA:119,3,0,0
BRDA:119,3,1,0
BRDA:295,4,0,0
BRDA:295,4,1,0
BRF:10
BRH:4
end_of_record
TN:
SF:src\routes\backupRoutes.js
FN:8,(anonymous_0)
FN:22,(anonymous_1)
FN:39,(anonymous_2)
FNF:3
FNH:0
FNDA:0,(anonymous_0)
FNDA:0,(anonymous_1)
FNDA:0,(anonymous_2)
DA:5,6
DA:8,6
DA:9,0
DA:10,0
DA:11,0
DA:13,0
DA:22,6
DA:23,0
DA:24,0
DA:25,0
DA:30,0
DA:39,6
DA:40,0
DA:41,0
DA:42,0
DA:44,0
LF:16
LH:4
BRF:0
BRH:0
end_of_record
TN:
SF:src\routes\commentRoutes.js
FN:86,(anonymous_0)
FN:164,(anonymous_1)
FN:236,(anonymous_2)
FN:306,(anonymous_3)
FNF:4
FNH:0
FNDA:0,(anonymous_0)
FNDA:0,(anonymous_1)
FNDA:0,(anonymous_2)
FNDA:0,(anonymous_3)
DA:6,6
DA:7,6
DA:8,6
DA:10,6
DA:86,6
DA:87,0
DA:88,0
DA:89,0
DA:102,0
DA:103,0
DA:108,0
DA:109,0
DA:164,6
DA:165,0
DA:166,0
DA:167,0
DA:168,0
DA:170,0
DA:175,0
DA:176,0
DA:181,0
DA:182,0
DA:236,6
DA:237,0
DA:238,0
DA:239,0
DA:240,0
DA:242,0
DA:248,0
DA:250,0
DA:251,0
DA:257,0
DA:262,0
DA:263,0
DA:306,6
DA:307,0
DA:308,0
DA:309,0
DA:311,0
DA:317,0
DA:319,0
DA:320,0
DA:326,0
DA:331,0
DA:332,0
LF:45
LH:8
BRDA:175,0,0,0
BRDA:175,0,1,0
BRDA:250,1,0,0
BRDA:250,1,1,0
BRDA:319,2,0,0
BRDA:319,2,1,0
BRF:6
BRH:0
end_of_record
TN:
SF:src\routes\courseRoutes.js
FN:17,(anonymous_0)
FN:104,(anonymous_1)
FN:156,(anonymous_2)
FN:187,(anonymous_3)
FN:211,(anonymous_4)
FN:289,(anonymous_5)
FNF:6
FNH:4
FNDA:2,(anonymous_0)
FNDA:18,(anonymous_1)
FNDA:1,(anonymous_2)
FNDA:2,(anonymous_3)
FNDA:0,(anonymous_4)
FNDA:0,(anonymous_5)
DA:4,6
DA:10,6
DA:11,6
DA:13,6
DA:17,6
DA:18,2
DA:19,2
DA:20,2
DA:22,2
DA:23,2
DA:24,1
DA:30,1
DA:73,1
DA:74,0
DA:80,1
DA:87,1
DA:89,1
DA:94,0
DA:95,0
DA:104,6
DA:105,18
DA:107,18
DA:108,18
DA:110,18
DA:111,1
DA:117,17
DA:154,17
DA:156,17
DA:157,1
DA:158,1
DA:160,1
DA:171,17
DA:173,17
DA:178,0
DA:179,0
DA:187,6
DA:188,2
DA:189,2
DA:192,2
DA:194,2
DA:201,2
DA:206,0
DA:211,6
DA:212,0
DA:213,0
DA:214,0
DA:216,0
DA:217,0
DA:219,0
DA:220,0
DA:226,0
DA:227,0
DA:228,0
DA:229,0
DA:231,0
DA:232,0
DA:233,0
DA:234,0
DA:237,0
DA:238,0
DA:239,0
DA:240,0
DA:243,0
DA:244,0
DA:245,0
DA:246,0
DA:251,0
DA:252,0
DA:253,0
DA:256,0
DA:257,0
DA:258,0
DA:259,0
DA:262,0
DA:263,0
DA:269,0
DA:270,0
DA:272,0
DA:274,0
DA:280,0
DA:281,0
DA:289,6
DA:290,0
DA:291,0
DA:293,0
DA:294,0
DA:296,0
DA:297,0
DA:304,0
DA:310,0
DA:312,0
DA:317,0
DA:318,0
LF:93
LH:38
BRDA:23,0,0,1
BRDA:23,0,1,1
BRDA:73,1,0,0
BRDA:73,1,1,1
BRDA:82,2,0,1
BRDA:82,2,1,1
BRDA:83,3,0,1
BRDA:83,3,1,0
BRDA:84,4,0,1
BRDA:84,4,1,0
BRDA:110,5,0,1
BRDA:110,5,1,17
BRDA:157,6,0,1
BRDA:157,6,1,1
BRDA:158,7,0,1
BRDA:158,7,1,1
BRDA:163,8,0,1
BRDA:163,8,1,0
BRDA:166,9,0,0
BRDA:166,9,1,1
BRDA:219,10,0,0
BRDA:219,10,1,0
BRDA:231,11,0,0
BRDA:231,11,1,0
BRDA:237,12,0,0
BRDA:237,12,1,0
BRDA:243,13,0,0
BRDA:243,13,1,0
BRDA:245,14,0,0
BRDA:245,14,1,0
BRDA:256,15,0,0
BRDA:256,15,1,0
BRDA:262,16,0,0
BRDA:262,16,1,0
BRDA:296,17,0,0
BRDA:296,17,1,0
BRF:36
BRH:15
end_of_record
TN:
SF:src\routes\dashboardRoutes.js
FN:146,(anonymous_0)
FN:256,(anonymous_1)
FN:340,(anonymous_2)
FNF:3
FNH:1
FNDA:1,(anonymous_0)
FNDA:0,(anonymous_1)
FNDA:0,(anonymous_2)
DA:3,6
DA:7,6
DA:8,6
DA:10,6
DA:146,6
DA:147,1
DA:148,1
DA:150,1
DA:151,0
DA:152,0
DA:158,0
DA:170,0
DA:171,0
DA:173,0
DA:190,0
DA:192,0
DA:198,1
DA:256,6
DA:257,0
DA:258,0
DA:260,0
DA:261,0
DA:267,0
DA:268,0
DA:269,0
DA:271,0
DA:272,0
DA:273,0
DA:276,0
DA:278,0
DA:283,0
DA:284,0
DA:290,0
DA:291,0
DA:294,0
DA:295,0
DA:296,0
DA:298,0
DA:300,0
DA:312,0
DA:340,6
DA:341,0
DA:342,0
DA:352,0
LF:44
LH:11
BRDA:151,0,0,0
BRDA:151,0,1,0
BRDA:260,1,0,0
BRDA:260,1,1,0
BRDA:260,2,0,0
BRDA:260,2,1,0
BRDA:271,3,0,0
BRDA:271,3,1,0
BRDA:276,4,0,0
BRDA:276,4,1,0
BRDA:283,5,0,0
BRDA:283,5,1,0
BRF:12
BRH:0
end_of_record
TN:
SF:src\routes\donationRoutes.js
FN:145,(anonymous_0)
FN:238,(anonymous_1)
FN:301,(anonymous_2)
FNF:3
FNH:0
FNDA:0,(anonymous_0)
FNDA:0,(anonymous_1)
FNDA:0,(anonymous_2)
DA:6,6
DA:135,6
DA:142,6
DA:146,0
DA:147,0
DA:148,0
DA:149,0
DA:155,0
DA:160,0
DA:166,0
DA:228,6
DA:239,0
DA:240,0
DA:241,0
DA:242,0
DA:248,0
DA:256,0
DA:261,0
DA:297,6
DA:302,0
DA:303,0
DA:307,0
DA:312,0
LF:23
LH:5
BRDA:148,0,0,0
BRDA:148,0,1,0
BRDA:241,1,0,0
BRDA:241,1,1,0
BRDA:249,2,0,0
BRDA:249,2,1,0
BRDA:250,3,0,0
BRDA:250,3,1,0
BRDA:252,4,0,0
BRDA:252,4,1,0
BRDA:253,5,0,0
BRDA:253,5,1,0
BRF:12
BRH:0
end_of_record
TN:
SF:src\routes\enrollmentRoutes.js
FN:15,(anonymous_0)
FN:77,(anonymous_1)
FN:138,(anonymous_2)
FN:196,(anonymous_3)
FNF:4
FNH:1
FNDA:0,(anonymous_0)
FNDA:1,(anonymous_1)
FNDA:0,(anonymous_2)
FNDA:0,(anonymous_3)
DA:4,6
DA:7,6
DA:9,6
DA:10,6
DA:15,6
DA:16,0
DA:17,0
DA:18,0
DA:21,0
DA:26,0
DA:27,0
DA:34,0
DA:39,0
DA:40,0
DA:47,0
DA:53,0
DA:56,0
DA:63,0
DA:68,0
DA:69,0
DA:77,6
DA:78,1
DA:79,1
DA:81,1
DA:82,0
DA:83,0
DA:89,0
DA:122,0
DA:124,0
DA:129,1
DA:130,1
DA:138,6
DA:139,0
DA:140,0
DA:141,0
DA:144,0
DA:165,0
DA:167,0
DA:168,0
DA:175,0
DA:182,0
DA:187,0
DA:188,0
DA:196,6
DA:197,0
DA:198,0
DA:199,0
DA:201,0
DA:224,0
DA:225,0
DA:231,0
DA:236,0
DA:237,0
LF:53
LH:13
BRDA:26,0,0,0
BRDA:26,0,1,0
BRDA:39,1,0,0
BRDA:39,1,1,0
BRDA:82,2,0,0
BRDA:82,2,1,0
BRDA:167,3,0,0
BRDA:167,3,1,0
BRDA:224,4,0,0
BRDA:224,4,1,0
BRF:10
BRH:0
end_of_record
TN:
SF:src\routes\favoriteRoutes.js
FN:15,(anonymous_0)
FN:38,(anonymous_1)
FN:71,(anonymous_2)
FNF:3
FNH:3
FNDA:1,(anonymous_0)
FNDA:2,(anonymous_1)
FNDA:1,(anonymous_2)
DA:5,6
DA:15,6
DA:16,1
DA:17,1
DA:18,1
DA:23,0
DA:38,6
DA:39,2
DA:40,2
DA:41,2
DA:42,2
DA:44,2
DA:45,1
DA:50,1
DA:51,1
DA:56,0
DA:71,6
DA:72,1
DA:73,1
DA:74,1
DA:75,1
DA:80,0
DA:81,0
DA:86,0
LF:24
LH:19
BRDA:50,0,0,1
BRDA:50,0,1,0
BRDA:80,1,0,0
BRDA:80,1,1,0
BRF:4
BRH:1
end_of_record
TN:
SF:src\routes\lessonRoutes.js
FN:9,(anonymous_0)
FN:73,(anonymous_1)
FN:140,(anonymous_2)
FNF:3
FNH:2
FNDA:1,(anonymous_0)
FNDA:2,(anonymous_1)
FNDA:0,(anonymous_2)
DA:7,6
DA:9,6
DA:10,1
DA:11,1
DA:12,1
DA:14,1
DA:15,0
DA:16,0
DA:22,0
DA:29,0
DA:30,0
DA:36,0
DA:38,0
DA:44,0
DA:45,0
DA:51,0
DA:58,0
DA:60,0
DA:65,1
DA:66,1
DA:73,6
DA:74,2
DA:85,2
DA:88,2
DA:93,2
DA:94,0
DA:101,2
DA:103,2
DA:127,0
DA:132,2
DA:133,2
DA:140,6
DA:141,0
DA:142,0
DA:143,0
DA:146,0
DA:147,0
DA:148,0
DA:154,0
DA:164,0
DA:165,0
DA:171,0
DA:177,0
DA:178,0
LF:44
LH:18
BRDA:15,0,0,0
BRDA:15,0,1,0
BRDA:29,1,0,0
BRDA:29,1,1,0
BRDA:44,2,0,0
BRDA:44,2,1,0
BRDA:83,3,0,1
BRDA:84,4,0,1
BRDA:93,5,0,0
BRDA:93,5,1,2
BRDA:147,6,0,0
BRDA:147,6,1,0
BRDA:164,7,0,0
BRDA:164,7,1,0
BRF:14
BRH:3
end_of_record
TN:
SF:src\routes\profileRoutes.js
FN:128,(anonymous_0)
FN:269,(anonymous_1)
FN:358,(anonymous_2)
FNF:3
FNH:1
FNDA:1,(anonymous_0)
FNDA:0,(anonymous_1)
FNDA:0,(anonymous_2)
DA:6,6
DA:7,6
DA:8,6
DA:10,6
DA:128,6
DA:129,1
DA:130,1
DA:132,1
DA:133,0
DA:134,0
DA:141,0
DA:148,0
DA:156,0
DA:163,0
DA:173,0
DA:198,0
DA:200,0
DA:205,1
DA:206,1
DA:269,6
DA:279,0
DA:281,0
DA:282,0
DA:303,0
DA:308,0
DA:309,0
DA:358,6
DA:364,0
DA:366,0
DA:367,0
DA:384,0
DA:389,0
DA:390,0
LF:33
LH:12
BRDA:133,0,0,0
BRDA:133,0,1,0
BRDA:175,1,0,0
BRDA:175,1,1,0
BRDA:185,2,0,0
BRDA:185,2,1,0
BRDA:191,3,0,0
BRDA:191,3,1,0
BRF:8
BRH:0
end_of_record
TN:
SF:src\routes\statsRoutes.js
FN:155,(anonymous_0)
FN:246,(anonymous_1)
FN:346,(anonymous_2)
FNF:3
FNH:2
FNDA:0,(anonymous_0)
FNDA:1,(anonymous_1)
FNDA:1,(anonymous_2)
DA:6,6
DA:8,6
DA:9,6
DA:11,6
DA:155,6
DA:156,0
DA:157,0
DA:202,0
DA:213,0
DA:246,6
DA:247,1
DA:248,1
DA:250,1
DA:251,0
DA:252,0
DA:258,0
DA:301,0
DA:303,0
DA:308,1
DA:346,6
DA:347,1
DA:348,1
DA:350,1
DA:351,0
DA:352,0
DA:358,0
DA:401,0
DA:402,0
DA:408,0
DA:410,0
DA:415,1
DA:416,1
LF:32
LH:16
BRDA:204,0,0,0
BRDA:204,0,1,0
BRDA:251,1,0,0
BRDA:251,1,1,0
BRDA:351,2,0,0
BRDA:351,2,1,0
BRDA:401,3,0,0
BRDA:401,3,1,0
BRF:8
BRH:0
end_of_record
TN:
SF:src\routes\userRoutes.js
FN:8,(anonymous_0)
FNF:1
FNH:0
FNDA:0,(anonymous_0)
DA:6,6
DA:8,6
DA:9,0
DA:10,0
DA:11,0
DA:16,0
LF:6
LH:2
BRF:0
BRH:0
end_of_record
TN:
SF:src\services\backupService.js
FN:31,(anonymous_0)
FN:47,(anonymous_1)
FN:54,(anonymous_2)
FN:63,(anonymous_3)
FN:75,(anonymous_4)
FN:77,(anonymous_5)
FN:109,(anonymous_6)
FN:129,(anonymous_7)
FN:146,(anonymous_8)
FN:162,(anonymous_9)
FN:164,(anonymous_10)
FN:197,(anonymous_11)
FN:210,(anonymous_12)
FN:212,(anonymous_13)
FN:221,(anonymous_14)
FN:225,(anonymous_15)
FN:236,(anonymous_16)
FNF:17
FNH:1
FNDA:6,(anonymous_0)
FNDA:0,(anonymous_1)
FNDA:0,(anonymous_2)
FNDA:0,(anonymous_3)
FNDA:0,(anonymous_4)
FNDA:0,(anonymous_5)
FNDA:0,(anonymous_6)
FNDA:0,(anonymous_7)
FNDA:0,(anonymous_8)
FNDA:0,(anonymous_9)
FNDA:0,(anonymous_10)
FNDA:0,(anonymous_11)
FNDA:0,(anonymous_12)
FNDA:0,(anonymous_13)
FNDA:0,(anonymous_14)
FNDA:0,(anonymous_15)
FNDA:0,(anonymous_16)
DA:7,6
DA:9,6
DA:12,6
DA:14,6
DA:26,6
DA:32,6
DA:33,6
DA:36,6
DA:37,6
DA:39,6
DA:40,0
DA:42,6
DA:43,0
DA:48,0
DA:50,0
DA:55,0
DA:57,0
DA:64,0
DA:65,0
DA:66,0
DA:68,0
DA:69,0
DA:71,0
DA:72,0
DA:73,0
DA:75,0
DA:76,0
DA:77,0
DA:78,0
DA:79,0
DA:81,0
DA:82,0
DA:83,0
DA:85,0
DA:90,0
DA:91,0
DA:93,0
DA:100,0
DA:101,0
DA:110,0
DA:111,0
DA:112,0
DA:114,0
DA:115,0
DA:116,0
DA:117,0
DA:119,0
DA:120,0
DA:121,0
DA:125,0
DA:130,0
DA:132,0
DA:138,0
DA:139,0
DA:141,0
DA:142,0
DA:147,0
DA:149,0
DA:150,0
DA:153,0
DA:155,0
DA:156,0
DA:158,0
DA:159,0
DA:160,0
DA:162,0
DA:163,0
DA:164,0
DA:165,0
DA:166,0
DA:169,0
DA:173,0
DA:174,0
DA:176,0
DA:177,0
DA:183,0
DA:190,0
DA:191,0
DA:194,0
DA:197,0
DA:201,0
DA:202,0
DA:212,0
DA:213,0
DA:214,0
DA:217,0
DA:218,0
DA:222,0
DA:223,0
DA:224,0
DA:226,0
DA:227,0
DA:228,0
DA:236,0
DA:238,0
DA:239,0
LF:96
LH:11
BRDA:18,0,0,6
BRDA:18,0,1,0
BRDA:19,1,0,6
BRDA:19,1,1,0
BRDA:39,2,0,0
BRDA:39,2,1,6
BRDA:42,3,0,0
BRDA:42,3,1,6
BRDA:78,4,0,0
BRDA:78,4,1,0
BRDA:79,5,0,0
BRDA:79,5,1,0
BRDA:81,6,0,0
BRDA:81,6,1,0
BRDA:119,7,0,0
BRDA:119,7,1,0
BRDA:149,8,0,0
BRDA:149,8,1,0
BRDA:166,9,0,0
BRDA:166,9,1,0
BRDA:169,10,0,0
BRDA:169,10,1,0
BRDA:169,10,2,0
BRDA:173,11,0,0
BRDA:173,11,1,0
BRDA:190,12,0,0
BRDA:190,12,1,0
BRF:27
BRH:4
end_of_record
TN:
SF:src\services\donationService.js
FN:7,(anonymous_0)
FN:51,(anonymous_1)
FN:72,(anonymous_2)
FNF:3
FNH:0
FNDA:0,(anonymous_0)
FNDA:0,(anonymous_1)
FNDA:0,(anonymous_2)
DA:5,6
DA:15,0
DA:17,0
DA:33,0
DA:35,0
DA:46,0
DA:47,0
DA:58,0
DA:60,0
DA:67,0
DA:68,0
DA:73,0
DA:85,0
DA:86,0
LF:14
LH:1
BRDA:11,0,0,0
BRDA:12,1,0,0
BRDA:14,2,0,0
BRDA:51,3,0,0
BRDA:53,4,0,0
BRDA:54,5,0,0
BRDA:55,6,0,0
BRDA:56,7,0,0
BRDA:57,8,0,0
BRDA:72,9,0,0
BRF:10
BRH:0
end_of_record
TN:
SF:src\utils\sanitize.js
FN:4,(anonymous_0)
FNF:1
FNH:1
FNDA:6,(anonymous_0)
DA:4,6
DA:5,6
DA:7,6
LF:3
LH:3
BRDA:5,0,0,0
BRDA:5,0,1,6
BRF:2
BRH:1
end_of_record
